Command line:
   rdm_isim_beh.exe
     -simmode  gui
     -simrunnum  0
     -socket  55928

Sat Nov 22 22:31:46 2014


 Elaboration Time: 0.046875 sec

 Current Memory Usage: 502.002 Meg

 Total Signals          : 6
 Total Nets             : 68
 Total Signal Drivers   : 3
 Total Blocks           : 2
 Total Primitive Blocks : 2
 Total Processes        : 1
 Total Traceable Variables  : 9
 Total Scalar Nets and Variables : 429
Total Line Count : 7

 Total Simulation Time: 0.3125 sec

 Current Memory Usage: 503.05 Meg

Sat Nov 22 22:32:42 2014

