ISim log file
Running: E:\Travail\TP Informatique\M1S1\AEO\TP_IP_SHORT\rdm\rdm_isim_beh.exe -gui -tclbatch isim.cmd -wdb E:/Travail/TP Informatique/M1S1/AEO/TP_IP_SHORT/rdm/rdm_isim_beh.wdb 
ISim M.81d (signature 0xcb73ee62)
WARNING: A WEBPACK license was found.
WARNING: Please use Xilinx License Configuration Manager to check out a full ISim license.
WARNING: ISim will run in Lite mode. Please refer to the ISim documentation for more information on the differences between the Lite and the Full version.
This is a Lite version of ISim.
Time resolution is 1 ps
# onerror resume
# wave add /
# run 1000 ns
Simulator is doing circuit initialization process.
Finished circuit initialization process.
# isim force add /rdm/clk 1 -radix bin -value 0 -radix bin -time 5 ns -repeat 10 ns
# isim force add /rdm/reset 0 -radix bin
# run 1.00us
# run 1.00us
# run 1.00us
# run 1.00us
# run 1.00us
# run 1.00us
# isim force add /rdm/enable 1 -radix bin
# isim force add /rdm/enable 1 -radix bin
# run 1.00us
# run 1.00us
# run 1.00us
# run 1.00us
# run 1.00us
# run 1.00us
# run 1.00us
# run 1.00us
# run 1.00us
# run 1.00us
# run 1.00us
# run 1.00us
# run 1.00us
# run 1.00us
# run 1.00us
# run 1.00us
# run 1.00us
# run 1.00us
# run 1.00us
# run 1.00us
# run 1.00us
# run 1.00us
